2020-12-27 11:01:05: exist------ true
2020-12-27 11:21:02: exist------ true
2020-12-27 11:21:15: exist------ true
2020-12-27 11:23:43: exist------ true
2020-12-27 11:38:27: exist------ true
2020-12-27 12:25:58: exist------ true
2020-12-27 12:25:58:   <-- GET /css/right.css
2020-12-27 12:25:58:   <-- GET /css/jquery.atwho.css
2020-12-27 12:25:58:   <-- GET /javascripts/my-ajax.js
2020-12-27 12:25:58:   <-- GET /javascripts/jquery.caret.js
2020-12-27 12:25:58:   --> GET /css/right.css 200 20ms 532b
2020-12-27 12:25:58:   --> GET /css/jquery.atwho.css 200 16ms 1.28kb
2020-12-27 12:25:58:   --> GET /javascripts/my-ajax.js 200 16ms 2.45kb
2020-12-27 12:25:58:   --> GET /javascripts/jquery.caret.js 200 16ms 12.88kb
2020-12-27 12:25:58:   <-- GET /javascripts/query-object.js
2020-12-27 12:25:58:   --> GET /javascripts/query-object.js 200 3ms 8.46kb
2020-12-27 12:25:58:   <-- GET /api/user/getAtList
2020-12-27 12:25:59: Executing (default): SELECT count(`userRelation`.`id`) AS `count` FROM `userRelations` AS `userRelation` LEFT OUTER JOIN `users` AS `user` ON `userRelation`.`followerId` = `user`.`id` WHERE `userRelation`.`userId` = 1 AND `userRelation`.`followerId` != 1;
2020-12-27 12:25:59: Executing (default): SELECT `userRelation`.`id`, `userRelation`.`userId`, `userRelation`.`followerId`, `userRelation`.`createdAt`, `userRelation`.`updatedAt`, `user`.`id` AS `user.id`, `user`.`userName` AS `user.userName`, `user`.`nickName` AS `user.nickName`, `user`.`picture` AS `user.picture` FROM `userRelations` AS `userRelation` LEFT OUTER JOIN `users` AS `user` ON `userRelation`.`followerId` = `user`.`id` WHERE `userRelation`.`userId` = 1 AND `userRelation`.`followerId` != 1 ORDER BY `userRelation`.`id` DESC;
2020-12-27 12:25:59:   --> GET /api/user/getAtList 200 173ms 11b
2020-12-27 12:25:59:   <-- GET /favicon.ico
2020-12-27 12:25:59:   --> GET /favicon.ico 200 17ms 2.33kb
2020-12-27 12:29:10:   <-- GET /javascripts/my-ajax.js
2020-12-27 12:29:10:   --> GET /javascripts/my-ajax.js 200 13ms 2.45kb
2020-12-27 12:32:52: exist------ true
2020-12-27 12:33:23: exist------ true
2020-12-27 12:33:23:   <-- GET /css/main.css
2020-12-27 12:33:23:   <-- GET /css/list.css
2020-12-27 12:33:23:   <-- GET /css/right.css
2020-12-27 12:33:23:   <-- GET /css/jquery.atwho.css
2020-12-27 12:33:23:   <-- GET /javascripts/jquery.caret.js
2020-12-27 12:33:23:   -x- GET /css/main.css 200 21ms 661b
2020-12-27 12:33:23:   --> GET /css/list.css 200 20ms 548b
2020-12-27 12:33:23:   --> GET /css/right.css 200 21ms 532b
2020-12-27 12:33:23:   --> GET /css/jquery.atwho.css 200 21ms 1.28kb
2020-12-27 12:33:23:   -x- GET /javascripts/jquery.caret.js 200 21ms 12.88kb
2020-12-27 12:34:00: exist------ true
2020-12-27 12:34:07: exist------ true
2020-12-27 12:34:31: exist------ true
2020-12-27 12:34:32:   <-- GET /javascripts/my-ajax.js
2020-12-27 12:34:32:   <-- GET /css/jquery.atwho.css
2020-12-27 12:34:32:   --> GET /javascripts/my-ajax.js 200 21ms 2.45kb
2020-12-27 12:34:32:   --> GET /css/jquery.atwho.css 200 17ms 1.28kb
2020-12-27 12:35:44: exist------ true
2020-12-27 12:37:55: exist------ true
2020-12-27 12:41:34: exist------ true
2020-12-27 12:41:40: exist------ true
2020-12-27 12:41:45: exist------ true
2020-12-27 12:44:57: exist------ true
