2020-12-27 11:01:05: exist------ true
2020-12-27 11:21:04: exist------ true
2020-12-27 11:21:16: exist------ true
2020-12-27 11:23:45: exist------ true
2020-12-27 11:38:29: exist------ true
2020-12-27 12:26:00: exist------ true
2020-12-27 12:29:10:   <-- GET /css/list.css
2020-12-27 12:29:10:   -x- GET /css/list.css 200 32ms 548b
2020-12-27 12:32:54: exist------ true
2020-12-27 12:33:17:   <-- GET /javascripts/jquery.atwho.js
2020-12-27 12:33:17:   --> GET /javascripts/jquery.atwho.js 200 15ms 36.65kb
2020-12-27 12:33:17:   <-- GET /javascripts/query-object.js
2020-12-27 12:33:17:   --> GET /javascripts/query-object.js 200 3ms 8.46kb
2020-12-27 12:33:17:   <-- GET /api/user/getAtList
2020-12-27 12:33:17: Executing (default): SELECT count(`userRelation`.`id`) AS `count` FROM `userRelations` AS `userRelation` LEFT OUTER JOIN `users` AS `user` ON `userRelation`.`followerId` = `user`.`id` WHERE `userRelation`.`userId` = 1 AND `userRelation`.`followerId` != 1;
2020-12-27 12:33:17: Executing (default): SELECT `userRelation`.`id`, `userRelation`.`userId`, `userRelation`.`followerId`, `userRelation`.`createdAt`, `userRelation`.`updatedAt`, `user`.`id` AS `user.id`, `user`.`userName` AS `user.userName`, `user`.`nickName` AS `user.nickName`, `user`.`picture` AS `user.picture` FROM `userRelations` AS `userRelation` LEFT OUTER JOIN `users` AS `user` ON `userRelation`.`followerId` = `user`.`id` WHERE `userRelation`.`userId` = 1 AND `userRelation`.`followerId` != 1 ORDER BY `userRelation`.`id` DESC;
2020-12-27 12:33:17:   <-- GET /favicon.ico
2020-12-27 12:33:17:   --> GET /api/user/getAtList 200 137ms 11b
2020-12-27 12:33:17:   --> GET /favicon.ico 200 24ms 2.33kb
2020-12-27 12:33:20:   <-- POST /api/blog/create
2020-12-27 12:33:20: Executing (default): INSERT INTO `blogs` (`id`,`userId`,`content`,`image`,`createdAt`,`updatedAt`) VALUES (DEFAULT,?,?,?,?,?);
2020-12-27 12:33:20: blog.id-- 8
2020-12-27 12:33:20:   --> POST /api/blog/create 200 197ms 145b
2020-12-27 12:33:20:   <-- GET /
2020-12-27 12:33:20: Executing (default): SELECT count(`blog`.`id`) AS `count` FROM `blogs` AS `blog` LEFT OUTER JOIN `users` AS `user` ON `blog`.`userId` = `user`.`id` INNER JOIN `userRelations` AS `userRelation` ON `blog`.`userId` = `userRelation`.`followerId` AND `userRelation`.`userId` = 1;
2020-12-27 12:33:20: Executing (default): SELECT `blog`.`id`, `blog`.`userId`, `blog`.`content`, `blog`.`image`, `blog`.`createdAt`, `blog`.`updatedAt`, `user`.`id` AS `user.id`, `user`.`userName` AS `user.userName`, `user`.`nickName` AS `user.nickName`, `user`.`picture` AS `user.picture`, `userRelation`.`id` AS `userRelation.id`, `userRelation`.`userId` AS `userRelation.userId`, `userRelation`.`followerId` AS `userRelation.followerId` FROM `blogs` AS `blog` LEFT OUTER JOIN `users` AS `user` ON `blog`.`userId` = `user`.`id` INNER JOIN `userRelations` AS `userRelation` ON `blog`.`userId` = `userRelation`.`followerId` AND `userRelation`.`userId` = 1 ORDER BY `blog`.`id` DESC LIMIT 0, 5;
2020-12-27 12:33:20: Executing (default): SELECT count(`user`.`id`) AS `count` FROM `users` AS `user` INNER JOIN `userRelations` AS `userRelations` ON `user`.`id` = `userRelations`.`userId` AND `userRelations`.`followerId` = 1 AND `userRelations`.`userId` != 1;
2020-12-27 12:33:20: Executing (default): SELECT `user`.`id`, `user`.`userName`, `user`.`nickName`, `user`.`picture`, `userRelations`.`id` AS `userRelations.id`, `userRelations`.`userId` AS `userRelations.userId`, `userRelations`.`followerId` AS `userRelations.followerId`, `userRelations`.`createdAt` AS `userRelations.createdAt`, `userRelations`.`updatedAt` AS `userRelations.updatedAt` FROM `users` AS `user` INNER JOIN `userRelations` AS `userRelations` ON `user`.`id` = `userRelations`.`userId` AND `userRelations`.`followerId` = 1 AND `userRelations`.`userId` != 1 ORDER BY `user`.`id` DESC;
2020-12-27 12:33:20: Executing (default): SELECT count(`userRelation`.`id`) AS `count` FROM `userRelations` AS `userRelation` LEFT OUTER JOIN `users` AS `user` ON `userRelation`.`followerId` = `user`.`id` WHERE `userRelation`.`userId` = 1 AND `userRelation`.`followerId` != 1;
2020-12-27 12:33:20: Executing (default): SELECT `userRelation`.`id`, `userRelation`.`userId`, `userRelation`.`followerId`, `userRelation`.`createdAt`, `userRelation`.`updatedAt`, `user`.`id` AS `user.id`, `user`.`userName` AS `user.userName`, `user`.`nickName` AS `user.nickName`, `user`.`picture` AS `user.picture` FROM `userRelations` AS `userRelation` LEFT OUTER JOIN `users` AS `user` ON `userRelation`.`followerId` = `user`.`id` WHERE `userRelation`.`userId` = 1 AND `userRelation`.`followerId` != 1 ORDER BY `userRelation`.`id` DESC;
2020-12-27 12:33:20: Executing (default): SELECT count(*) AS `count` FROM `atRelations` AS `atRelation` WHERE `atRelation`.`userId` = 1 AND `atRelation`.`isRead` = false;
2020-12-27 12:33:20: Executing (default): SELECT `id`, `userId`, `blogId`, `isRead`, `createdAt`, `updatedAt` FROM `atRelations` AS `atRelation` WHERE `atRelation`.`userId` = 1 AND `atRelation`.`isRead` = false;
2020-12-27 12:33:20:   --> GET / 200 68ms 13.16kb
2020-12-27 12:33:20:   <-- GET /css/main.css
2020-12-27 12:33:21:   --> GET /css/main.css 200 3ms 661b
2020-12-27 12:33:25: exist------ true
2020-12-27 12:33:27:   <-- GET /javascripts/jquery.caret.js
2020-12-27 12:33:27:   -x- GET /javascripts/jquery.caret.js 200 15ms 12.88kb
2020-12-27 12:34:02: exist------ true
2020-12-27 12:34:08: exist------ true
2020-12-27 12:34:32: exist------ true
2020-12-27 12:35:46: exist------ true
2020-12-27 12:37:56: exist------ true
2020-12-27 12:37:57:   <-- GET /setting
2020-12-27 12:37:57:   --> GET /setting 200 46ms 7.74kb
2020-12-27 12:37:57:   <-- GET /css/main.css
2020-12-27 12:37:57:   <-- GET /javascripts/my-ajax.js
2020-12-27 12:37:57:   --> GET /css/main.css 200 7ms 661b
2020-12-27 12:37:57:   -x- GET /javascripts/my-ajax.js 200 9ms 2.45kb
2020-12-27 12:37:57:   <-- GET /javascripts/query-object.js
2020-12-27 12:37:57:   --> GET /javascripts/query-object.js 200 4ms 8.46kb
2020-12-27 12:37:57:   <-- GET /1609043648775.1604229451(1).jpg
2020-12-27 12:37:57:   --> GET /1609043648775.1604229451(1).jpg 200 3ms 18.22kb
2020-12-27 12:37:57:   <-- GET /favicon.ico
2020-12-27 12:37:57:   --> GET /favicon.ico 200 10ms 2.33kb
2020-12-27 12:37:57:   <-- GET /setting
2020-12-27 12:37:57:   --> GET /setting 200 7ms 7.74kb
2020-12-27 12:37:57:   <-- GET /css/main.css
2020-12-27 12:37:57:   <-- GET /javascripts/my-ajax.js
2020-12-27 12:37:57:   --> GET /css/main.css 200 3ms 661b
2020-12-27 12:37:57:   --> GET /javascripts/my-ajax.js 200 4ms 2.45kb
2020-12-27 12:37:57:   <-- GET /javascripts/query-object.js
2020-12-27 12:37:57:   --> GET /javascripts/query-object.js 200 3ms 8.46kb
2020-12-27 12:37:57:   <-- GET /1609043648775.1604229451(1).jpg
2020-12-27 12:37:57:   --> GET /1609043648775.1604229451(1).jpg 200 3ms 18.22kb
2020-12-27 12:37:57:   <-- GET /favicon.ico
2020-12-27 12:37:57:   --> GET /favicon.ico 200 8ms 2.33kb
2020-12-27 12:37:57:   <-- GET /setting
2020-12-27 12:37:57:   --> GET /setting 200 6ms 7.74kb
2020-12-27 12:37:57:   <-- GET /css/main.css
2020-12-27 12:37:57:   -x- GET /css/main.css 200 4ms 661b
2020-12-27 12:37:57:   <-- GET /javascripts/my-ajax.js
2020-12-27 12:37:57:   --> GET /javascripts/my-ajax.js 200 4ms 2.45kb
2020-12-27 12:37:57:   <-- GET /javascripts/query-object.js
2020-12-27 12:37:57:   --> GET /javascripts/query-object.js 200 7ms 8.46kb
2020-12-27 12:37:57:   <-- GET /1609043648775.1604229451(1).jpg
2020-12-27 12:37:57:   --> GET /1609043648775.1604229451(1).jpg 200 3ms 18.22kb
2020-12-27 12:37:57:   <-- GET /favicon.ico
2020-12-27 12:37:57:   --> GET /favicon.ico 200 5ms 2.33kb
2020-12-27 12:37:58:   <-- GET /setting
2020-12-27 12:37:58:   --> GET /setting 200 6ms 7.74kb
2020-12-27 12:37:58:   <-- GET /css/main.css
2020-12-27 12:37:58:   <-- GET /javascripts/my-ajax.js
2020-12-27 12:37:58:   --> GET /css/main.css 200 3ms 661b
2020-12-27 12:37:58:   -x- GET /javascripts/my-ajax.js 200 4ms 2.45kb
2020-12-27 12:37:58:   <-- GET /javascripts/query-object.js
2020-12-27 12:37:58:   --> GET /javascripts/query-object.js 200 2ms 8.46kb
2020-12-27 12:37:58:   <-- GET /1609043648775.1604229451(1).jpg
2020-12-27 12:37:58:   --> GET /1609043648775.1604229451(1).jpg 200 3ms 18.22kb
2020-12-27 12:41:29:   <-- GET /javascripts/my-ajax.js
2020-12-27 12:41:29:   --> GET /javascripts/my-ajax.js 200 5ms 2.45kb
2020-12-27 12:41:30:   <-- GET /javascripts/query-object.js
2020-12-27 12:41:30:   -x- GET /javascripts/query-object.js 200 5ms 8.46kb
2020-12-27 12:41:30:   <-- GET /1609043648775.1604229451(1).jpg
2020-12-27 12:41:30:   --> GET /1609043648775.1604229451(1).jpg 200 4ms 18.22kb
2020-12-27 12:41:30:   <-- GET /favicon.ico
2020-12-27 12:41:30:   --> GET /favicon.ico 200 8ms 2.33kb
2020-12-27 12:41:30:   <-- GET /setting
2020-12-27 12:41:30:   --> GET /setting 200 8ms 7.74kb
2020-12-27 12:41:30:   <-- GET /css/main.css
2020-12-27 12:41:30:   --> GET /css/main.css 200 4ms 661b
2020-12-27 12:41:38: exist------ true
2020-12-27 12:41:47: exist------ true
2020-12-27 12:44:59: exist------ true
2020-12-27 12:44:59:   <-- GET /setting
2020-12-27 12:45:00:   --> GET /setting 200 370ms 7.74kb
