2020-12-27 11:01:05: exist------ true
2020-12-27 11:21:02: exist------ true
2020-12-27 11:21:14: exist------ true
2020-12-27 11:23:42: exist------ true
2020-12-27 11:38:26: exist------ true
2020-12-27 12:25:54: exist------ true
2020-12-27 12:32:49: exist------ true
2020-12-27 12:33:22: exist------ true
2020-12-27 12:33:23:   <-- GET /javascripts/my-ajax.js
2020-12-27 12:33:23:   <-- GET /javascripts/jquery.atwho.js
2020-12-27 12:33:23:   -x- GET /javascripts/my-ajax.js 200 53ms 2.45kb
2020-12-27 12:33:23:   --> GET /javascripts/jquery.atwho.js 200 34ms 36.65kb
2020-12-27 12:33:23:   <-- GET /javascripts/query-object.js
2020-12-27 12:33:23:   --> GET /javascripts/query-object.js 200 3ms 8.46kb
2020-12-27 12:33:24:   <-- GET /api/user/getAtList
2020-12-27 12:33:24:   <-- GET /favicon.ico
2020-12-27 12:33:24:   --> GET /favicon.ico 200 15ms 2.33kb
2020-12-27 12:33:24: Executing (default): SELECT count(`userRelation`.`id`) AS `count` FROM `userRelations` AS `userRelation` LEFT OUTER JOIN `users` AS `user` ON `userRelation`.`followerId` = `user`.`id` WHERE `userRelation`.`userId` = 1 AND `userRelation`.`followerId` != 1;
2020-12-27 12:33:24: Executing (default): SELECT `userRelation`.`id`, `userRelation`.`userId`, `userRelation`.`followerId`, `userRelation`.`createdAt`, `userRelation`.`updatedAt`, `user`.`id` AS `user.id`, `user`.`userName` AS `user.userName`, `user`.`nickName` AS `user.nickName`, `user`.`picture` AS `user.picture` FROM `userRelations` AS `userRelation` LEFT OUTER JOIN `users` AS `user` ON `userRelation`.`followerId` = `user`.`id` WHERE `userRelation`.`userId` = 1 AND `userRelation`.`followerId` != 1 ORDER BY `userRelation`.`id` DESC;
2020-12-27 12:33:24:   --> GET /api/user/getAtList 200 127ms 11b
2020-12-27 12:33:59: exist------ true
2020-12-27 12:34:06: exist------ true
2020-12-27 12:34:30: exist------ true
2020-12-27 12:35:43: exist------ true
2020-12-27 12:37:54: exist------ true
2020-12-27 12:41:31: exist------ true
2020-12-27 12:41:38: exist------ true
2020-12-27 12:41:44: exist------ true
2020-12-27 12:44:57: exist------ true
